# JRE version: Java(TM) SE Runtime Environment (8.0_66-b18) (build 1.8.0_66-b18)
# Java VM: Java HotSpot(TM) 64-Bit Server VM (25.66-b18 mixed mode windows-amd64 compressed oops)
Heap:
 PSYoungGen      total 53248K, used 18195K [0x00000007bc400000, 0x00000007c0000000, 0x00000007c0000000)
  eden space 45568K, 23% used [0x00000007bc400000,0x00000007bce6d2b0,0x00000007bf080000)
  from space 7680K, 97% used [0x00000007bf100000,0x00000007bf857b60,0x00000007bf880000)
  to   space 7680K, 0% used [0x00000007bf880000,0x00000007bf880000,0x00000007c0000000)
 ParOldGen       total 165888K, used 87752K [0x0000000700000000, 0x000000070a200000, 0x00000007bc400000)
  object space 165888K, 52% used [0x0000000700000000,0x00000007055b2260,0x000000070a200000)
 Metaspace       used 71204K, capacity 71732K, committed 72104K, reserved 1112064K
  class space    used 10250K, capacity 10382K, committed 10408K, reserved 1048576K
GC Heap History (10 events):
Event: 3377.470 GC heap before
{Heap before GC invocations=475 (full 122):
 PSYoungGen      total 55296K, used 51987K [0x00000007bc400000, 0x00000007c0000000, 0x00000007c0000000)
  eden space 49152K, 100% used [0x00000007bc400000,0x00000007bf400000,0x00000007bf400000)
  from space 6144K, 46% used [0x00000007bfa00000,0x00000007bfcc4ce0,0x00000007c0000000)
  to   space 6144K, 0% used [0x00000007bf400000,0x00000007bf400000,0x00000007bfa00000)
 ParOldGen       total 165888K, used 87728K [0x0000000700000000, 0x000000070a200000, 0x00000007bc400000)
  object space 165888K, 52% used [0x0000000700000000,0x00000007055ac260,0x000000070a200000)
 Metaspace       used 70047K, capacity 70516K, committed 70952K, reserved 1110016K
  class space    used 9815K, capacity 9934K, committed 10024K, reserved 1048576K
Event: 3377.476 GC heap after
Heap after GC invocations=475 (full 122):
 PSYoungGen      total 55296K, used 3329K [0x00000007bc400000, 0x00000007c0000000, 0x00000007c0000000)
  eden space 49152K, 0% used [0x00000007bc400000,0x00000007bc400000,0x00000007bf400000)
  from space 6144K, 54% used [0x00000007bf400000,0x00000007bf7406c8,0x00000007bfa00000)
  to   space 6144K, 0% used [0x00000007bfa00000,0x00000007bfa00000,0x00000007c0000000)
 ParOldGen       total 165888K, used 87728K [0x0000000700000000, 0x000000070a200000, 0x00000007bc400000)
  object space 165888K, 52% used [0x0000000700000000,0x00000007055ac260,0x000000070a200000)
 Metaspace       used 70047K, capacity 70516K, committed 70952K, reserved 1110016K
  class space    used 9815K, capacity 9934K, committed 10024K, reserved 1048576K
}
Event: 3383.933 GC heap before
{Heap before GC invocations=476 (full 122):
 PSYoungGen      total 55296K, used 52481K [0x00000007bc400000, 0x00000007c0000000, 0x00000007c0000000)
  eden space 49152K, 100% used [0x00000007bc400000,0x00000007bf400000,0x00000007bf400000)
  from space 6144K, 54% used [0x00000007bf400000,0x00000007bf7406c8,0x00000007bfa00000)
  to   space 6144K, 0% used [0x00000007bfa00000,0x00000007bfa00000,0x00000007c0000000)
 ParOldGen       total 165888K, used 87728K [0x0000000700000000, 0x000000070a200000, 0x00000007bc400000)
  object space 165888K, 52% used [0x0000000700000000,0x00000007055ac260,0x000000070a200000)
 Metaspace       used 70055K, capacity 70516K, committed 70952K, reserved 1110016K
  class space    used 9815K, capacity 9934K, committed 10024K, reserved 1048576K
Event: 3383.942 GC heap after
Heap after GC invocations=476 (full 122):
 PSYoungGen      total 55296K, used 3172K [0x00000007bc400000, 0x00000007c0000000, 0x00000007c0000000)
  eden space 49152K, 0% used [0x00000007bc400000,0x00000007bc400000,0x00000007bf400000)
  from space 6144K, 51% used [0x00000007bfa00000,0x00000007bfd19198,0x00000007c0000000)
  to   space 6144K, 0% used [0x00000007bf400000,0x00000007bf400000,0x00000007bfa00000)
 ParOldGen       total 165888K, used 87728K [0x0000000700000000, 0x000000070a200000, 0x00000007bc400000)
  object space 165888K, 52% used [0x0000000700000000,0x00000007055ac260,0x000000070a200000)
 Metaspace       used 70055K, capacity 70516K, committed 70952K, reserved 1110016K
  class space    used 9815K, capacity 9934K, committed 10024K, reserved 1048576K
}
Event: 3392.308 GC heap before
{Heap before GC invocations=477 (full 122):
 PSYoungGen      total 55296K, used 52324K [0x00000007bc400000, 0x00000007c0000000, 0x00000007c0000000)
  eden space 49152K, 100% used [0x00000007bc400000,0x00000007bf400000,0x00000007bf400000)
  from space 6144K, 51% used [0x00000007bfa00000,0x00000007bfd19198,0x00000007c0000000)
  to   space 6144K, 0% used [0x00000007bf400000,0x00000007bf400000,0x00000007bfa00000)
 ParOldGen       total 165888K, used 87728K [0x0000000700000000, 0x000000070a200000, 0x00000007bc400000)
  object space 165888K, 52% used [0x0000000700000000,0x00000007055ac260,0x000000070a200000)
 Metaspace       used 70076K, capacity 70548K, committed 70952K, reserved 1110016K
  class space    used 9819K, capacity 9966K, committed 10024K, reserved 1048576K
Event: 3392.314 GC heap after
Heap after GC invocations=477 (full 122):
 PSYoungGen      total 54784K, used 5812K [0x00000007bc400000, 0x00000007c0000000, 0x00000007c0000000)
  eden space 48640K, 0% used [0x00000007bc400000,0x00000007bc400000,0x00000007bf380000)
  from space 6144K, 94% used [0x00000007bf400000,0x00000007bf9ad290,0x00000007bfa00000)
  to   space 6144K, 0% used [0x00000007bfa00000,0x00000007bfa00000,0x00000007c0000000)
 ParOldGen       total 165888K, used 87736K [0x0000000700000000, 0x000000070a200000, 0x00000007bc400000)
  object space 165888K, 52% used [0x0000000700000000,0x00000007055ae260,0x000000070a200000)
 Metaspace       used 70076K, capacity 70548K, committed 70952K, reserved 1110016K
  class space    used 9819K, capacity 9966K, committed 10024K, reserved 1048576K
}
Event: 3393.977 GC heap before
{Heap before GC invocations=478 (full 122):
 PSYoungGen      total 54784K, used 54452K [0x00000007bc400000, 0x00000007c0000000, 0x00000007c0000000)
  eden space 48640K, 100% used [0x00000007bc400000,0x00000007bf380000,0x00000007bf380000)
  from space 6144K, 94% used [0x00000007bf400000,0x00000007bf9ad290,0x00000007bfa00000)
  to   space 6144K, 0% used [0x00000007bfa00000,0x00000007bfa00000,0x00000007c0000000)
 ParOldGen       total 165888K, used 87736K [0x0000000700000000, 0x000000070a200000, 0x00000007bc400000)
  object space 165888K, 52% used [0x0000000700000000,0x00000007055ae260,0x000000070a200000)
 Metaspace       used 71096K, capacity 71636K, committed 72104K, reserved 1112064K
  class space    used 10219K, capacity 10350K, committed 10408K, reserved 1048576K
Event: 3393.989 GC heap after
Heap after GC invocations=478 (full 122):
 PSYoungGen      total 52224K, used 5891K [0x00000007bc400000, 0x00000007c0000000, 0x00000007c0000000)
  eden space 46080K, 0% used [0x00000007bc400000,0x00000007bc400000,0x00000007bf100000)
  from space 6144K, 95% used [0x00000007bfa00000,0x00000007bffc0e18,0x00000007c0000000)
  to   space 7680K, 0% used [0x00000007bf100000,0x00000007bf100000,0x00000007bf880000)
 ParOldGen       total 165888K, used 87744K [0x0000000700000000, 0x000000070a200000, 0x00000007bc400000)
  object space 165888K, 52% used [0x0000000700000000,0x00000007055b0260,0x000000070a200000)
 Metaspace       used 71096K, capacity 71636K, committed 72104K, reserved 1112064K
  class space    used 10219K, capacity 10350K, committed 10408K, reserved 1048576K
}
Event: 3397.820 GC heap before
{Heap before GC invocations=479 (full 122):
 PSYoungGen      total 52224K, used 51971K [0x00000007bc400000, 0x00000007c0000000, 0x00000007c0000000)
  eden space 46080K, 100% used [0x00000007bc400000,0x00000007bf100000,0x00000007bf100000)
  from space 6144K, 95% used [0x00000007bfa00000,0x00000007bffc0e18,0x00000007c0000000)
  to   space 7680K, 0% used [0x00000007bf100000,0x00000007bf100000,0x00000007bf880000)
 ParOldGen       total 165888K, used 87744K [0x0000000700000000, 0x000000070a200000, 0x00000007bc400000)
  object space 165888K, 52% used [0x0000000700000000,0x00000007055b0260,0x000000070a200000)
 Metaspace       used 71161K, capacity 71732K, committed 72104K, reserved 1112064K
  class space    used 10245K, capacity 10382K, committed 10408K, reserved 1048576K
Event: 3397.832 GC heap after
Heap after GC invocations=479 (full 122):
 PSYoungGen      total 53248K, used 7518K [0x00000007bc400000, 0x00000007c0000000, 0x00000007c0000000)
  eden space 45568K, 0% used [0x00000007bc400000,0x00000007bc400000,0x00000007bf080000)
  from space 7680K, 97% used [0x00000007bf100000,0x00000007bf857b60,0x00000007bf880000)
  to   space 7680K, 0% used [0x00000007bf880000,0x00000007bf880000,0x00000007c0000000)
 ParOldGen       total 165888K, used 87752K [0x0000000700000000, 0x000000070a200000, 0x00000007bc400000)
  object space 165888K, 52% used [0x0000000700000000,0x00000007055b2260,0x000000070a200000)
 Metaspace       used 71161K, capacity 71732K, committed 72104K, reserved 1112064K
  class space    used 10245K, capacity 10382K, committed 10408K, reserved 1048576K
}

